<?xml version="1.0" encoding="UTF-8"?>
<!-- Generated by org.testng.reporters.JUnitXMLReporter -->
<testsuite ignored="4" hostname="DESKTOP-BLJCGGP" failures="0" tests="4" name="Test" time="16.465" errors="0" timestamp="2024-03-06T15:11:40 IST">
  <testcase classname="testNG.Demo" name="Ajio" time="10.168"/>
  <testcase classname="testNG.Demo" name="Myntra" time="6.173"/>
  <testcase classname="testNG.Priorities" name="Hcl" time="0.005"/>
  <testcase classname="testNG.Priorities" name="Add" time="0.015"/>
  <testcase classname="testNG.Demo" name="FlipCart" time="0.0">
    <ignored/>
  </testcase> <!-- FlipCart -->
  <testcase classname="testNG.Priorities" name="Ba" time="0.0">
    <ignored/>
  </testcase> <!-- Ba -->
  <testcase classname="testNG.Priorities" name="Del" time="0.0">
    <ignored/>
  </testcase> <!-- Del -->
  <testcase classname="testNG.Priorities" name="Method2" time="0.0">
    <ignored/>
  </testcase> <!-- Method2 -->
</testsuite> <!-- Test -->
