<?xml version="1.0" encoding="UTF-8"?>
<testng-results ignored="0" total="9" passed="9" failed="0" skipped="0">
  <reporter-output>
  </reporter-output>
  <suite started-at="2024-03-07T10:59:16 IST" name="Suite" finished-at="2024-03-07T10:59:29 IST" duration-ms="13139">
    <groups>
    </groups>
    <test started-at="2024-03-07T10:59:16 IST" name="TestA" finished-at="2024-03-07T10:59:23 IST" duration-ms="6503">
      <class name="testNG.CrossBrowser">
        <test-method signature="bt(java.lang.String)[pri:0, instance:testNG.CrossBrowser@59662a0b]" started-at="2024-03-07T10:59:16 IST" name="bt" finished-at="2024-03-07T10:59:19 IST" duration-ms="2975" status="PASS">
          <params>
            <param index="0">
              <value>
                <![CDATA[chrome]]>
              </value>
            </param>
          </params>
          <reporter-output>
          </reporter-output>
        </test-method> <!-- bt -->
        <test-method signature="launchapp(java.lang.String)[pri:0, instance:testNG.CrossBrowser@59662a0b]" started-at="2024-03-07T10:59:19 IST" name="launchapp" finished-at="2024-03-07T10:59:22 IST" duration-ms="2572" status="PASS">
          <params>
            <param index="0">
              <value>
                <![CDATA[https://www.google.co.in/]]>
              </value>
            </param>
          </params>
          <reporter-output>
          </reporter-output>
        </test-method> <!-- launchapp -->
        <test-method signature="user(java.lang.String)[pri:0, instance:testNG.CrossBrowser@59662a0b]" started-at="2024-03-07T10:59:22 IST" name="user" finished-at="2024-03-07T10:59:23 IST" duration-ms="881" status="PASS">
          <params>
            <param index="0">
              <value>
                <![CDATA[Shiva Ratri]]>
              </value>
            </param>
          </params>
          <reporter-output>
          </reporter-output>
        </test-method> <!-- user -->
        <test-method is-config="true" signature="at()[pri:0, instance:testNG.CrossBrowser@59662a0b]" started-at="2024-03-07T10:59:23 IST" name="at" finished-at="2024-03-07T10:59:23 IST" duration-ms="3" status="PASS">
          <reporter-output>
          </reporter-output>
        </test-method> <!-- at -->
      </class> <!-- testNG.CrossBrowser -->
    </test> <!-- TestA -->
    <test started-at="2024-03-07T10:59:16 IST" name="TestC" finished-at="2024-03-07T10:59:26 IST" duration-ms="9917">
      <class name="testNG.CrossBrowser">
        <test-method signature="bt(java.lang.String)[pri:0, instance:testNG.CrossBrowser@74235045]" started-at="2024-03-07T10:59:16 IST" name="bt" finished-at="2024-03-07T10:59:21 IST" duration-ms="4978" status="PASS">
          <params>
            <param index="0">
              <value>
                <![CDATA[edge]]>
              </value>
            </param>
          </params>
          <reporter-output>
          </reporter-output>
        </test-method> <!-- bt -->
        <test-method signature="launchapp(java.lang.String)[pri:0, instance:testNG.CrossBrowser@74235045]" started-at="2024-03-07T10:59:21 IST" name="launchapp" finished-at="2024-03-07T10:59:26 IST" duration-ms="4678" status="PASS">
          <params>
            <param index="0">
              <value>
                <![CDATA[https://www.google.co.in/]]>
              </value>
            </param>
          </params>
          <reporter-output>
          </reporter-output>
        </test-method> <!-- launchapp -->
        <test-method signature="user(java.lang.String)[pri:0, instance:testNG.CrossBrowser@74235045]" started-at="2024-03-07T10:59:26 IST" name="user" finished-at="2024-03-07T10:59:26 IST" duration-ms="194" status="PASS">
          <params>
            <param index="0">
              <value>
                <![CDATA[Shiva Ratri]]>
              </value>
            </param>
          </params>
          <reporter-output>
          </reporter-output>
        </test-method> <!-- user -->
        <test-method is-config="true" signature="at()[pri:0, instance:testNG.CrossBrowser@74235045]" started-at="2024-03-07T10:59:26 IST" name="at" finished-at="2024-03-07T10:59:26 IST" duration-ms="2" status="PASS">
          <reporter-output>
          </reporter-output>
        </test-method> <!-- at -->
      </class> <!-- testNG.CrossBrowser -->
    </test> <!-- TestC -->
    <test started-at="2024-03-07T10:59:16 IST" name="TestB" finished-at="2024-03-07T10:59:29 IST" duration-ms="13139">
      <class name="testNG.CrossBrowser">
        <test-method signature="bt(java.lang.String)[pri:0, instance:testNG.CrossBrowser@515c6049]" started-at="2024-03-07T10:59:16 IST" name="bt" finished-at="2024-03-07T10:59:24 IST" duration-ms="7935" status="PASS">
          <params>
            <param index="0">
              <value>
                <![CDATA[firefox]]>
              </value>
            </param>
          </params>
          <reporter-output>
          </reporter-output>
        </test-method> <!-- bt -->
        <test-method signature="launchapp(java.lang.String)[pri:0, instance:testNG.CrossBrowser@515c6049]" started-at="2024-03-07T10:59:24 IST" name="launchapp" finished-at="2024-03-07T10:59:29 IST" duration-ms="5039" status="PASS">
          <params>
            <param index="0">
              <value>
                <![CDATA[https://www.google.co.in/]]>
              </value>
            </param>
          </params>
          <reporter-output>
          </reporter-output>
        </test-method> <!-- launchapp -->
        <test-method signature="user(java.lang.String)[pri:0, instance:testNG.CrossBrowser@515c6049]" started-at="2024-03-07T10:59:29 IST" name="user" finished-at="2024-03-07T10:59:29 IST" duration-ms="105" status="PASS">
          <params>
            <param index="0">
              <value>
                <![CDATA[Shiva Ratri]]>
              </value>
            </param>
          </params>
          <reporter-output>
          </reporter-output>
        </test-method> <!-- user -->
        <test-method is-config="true" signature="at()[pri:0, instance:testNG.CrossBrowser@515c6049]" started-at="2024-03-07T10:59:29 IST" name="at" finished-at="2024-03-07T10:59:29 IST" duration-ms="1" status="PASS">
          <reporter-output>
          </reporter-output>
        </test-method> <!-- at -->
      </class> <!-- testNG.CrossBrowser -->
    </test> <!-- TestB -->
  </suite> <!-- Suite -->
</testng-results>
